<?xml version="1.0" encoding="UTF-8"?>
<!-- Generated by org.testng.reporters.JUnitXMLReporter -->
<testsuite hostname="DESKTOP-VTBT3RG" ignored="0" name="Default test" tests="6" failures="0" timestamp="2023-07-22T08:57:59 IST" time="53.095" errors="0">
  <testcase name="ValidFlightSearch" time="9.401" classname="TestCase.MakeMytripSearch"/>
  <testcase name="ValidFlightSearch" time="12.65" classname="TestCase.MakeMytripSearch"/>
  <testcase name="ValidFlightSearch" time="11.875" classname="TestCase.MakeMytripSearch"/>
  <testcase name="InValidFromAndToSearch" time="2.293" classname="TestCase.MakeMytripSearch"/>
  <testcase name="InValidFromAndToSearch" time="1.246" classname="TestCase.MakeMytripSearch"/>
  <testcase name="InValidFromAndToSearch" time="1.245" classname="TestCase.MakeMytripSearch"/>
</testsuite> <!-- Default test -->
