<?xml version="1.0" encoding="UTF-8"?>
<!-- Generated by org.testng.reporters.JUnitXMLReporter -->
<testsuite hostname="DESKTOP-VTBT3RG" ignored="0" name="Test" tests="6" failures="0" timestamp="2023-07-22T09:02:35 IST" time="55.537" errors="0">
  <testcase name="ValidFlightSearch" time="8.971" classname="TestCase.MakeMytripSearch"/>
  <testcase name="ValidFlightSearch" time="14.217" classname="TestCase.MakeMytripSearch"/>
  <testcase name="ValidFlightSearch" time="12.016" classname="TestCase.MakeMytripSearch"/>
  <testcase name="InValidFromAndToSearch" time="2.373" classname="TestCase.MakeMytripSearch"/>
  <testcase name="InValidFromAndToSearch" time="1.117" classname="TestCase.MakeMytripSearch"/>
  <testcase name="InValidFromAndToSearch" time="1.201" classname="TestCase.MakeMytripSearch"/>
</testsuite> <!-- Test -->
