<?xml version="1.0" encoding="UTF-8"?>
<!-- Generated by org.testng.reporters.JUnitXMLReporter -->
<testsuite hostname="DESKTOP-VTBT3RG" ignored="0" name="Test" tests="3" failures="0" timestamp="2023-07-08T09:54:41 IST" time="0.044" errors="0">
  <testcase name="Testcase1" time="0.005" classname="TestNgBasics.TestNgfirstClass"/>
  <testcase name="Testcase2" time="0.001" classname="TestNgBasics.TestNgfirstClass"/>
  <testcase name="Testcase3inanothercalss" time="0.001" classname="TestNgBasics.TestNgSecondClass"/>
</testsuite> <!-- Test -->
