<?xml version="1.0" encoding="UTF-8"?>
<!-- Generated by org.testng.reporters.JUnitXMLReporter -->
<testsuite hostname="DESKTOP-VTBT3RG" ignored="0" name="Test" tests="6" failures="0" timestamp="2023-07-22T09:09:40 IST" time="59.616" errors="0">
  <testcase name="ValidFlightSearch" time="8.875" classname="TestCase.MakeMytripSearch"/>
  <testcase name="ValidFlightSearch" time="13.268" classname="TestCase.MakeMytripSearch"/>
  <testcase name="ValidFlightSearch" time="18.327" classname="TestCase.MakeMytripSearch"/>
  <testcase name="InValidFromAndToSearch" time="2.292" classname="TestCase.MakeMytripSearch"/>
  <testcase name="InValidFromAndToSearch" time="1.13" classname="TestCase.MakeMytripSearch"/>
  <testcase name="InValidFromAndToSearch" time="1.142" classname="TestCase.MakeMytripSearch"/>
</testsuite> <!-- Test -->
