<?xml version="1.0" encoding="UTF-8"?>
<testng-results skipped="0" failed="0" ignored="0" total="6" passed="6">
  <reporter-output>
  </reporter-output>
  <suite name="Suite" duration-ms="59616" started-at="2023-07-22T09:08:40 IST" finished-at="2023-07-22T09:09:40 IST">
    <groups>
    </groups>
    <test name="Test" duration-ms="59616" started-at="2023-07-22T09:08:40 IST" finished-at="2023-07-22T09:09:40 IST">
      <class name="TestCase.MakeMytripSearch">
        <test-method status="PASS" signature="BrowserStart()[pri:0, instance:TestCase.MakeMytripSearch@32d2fa64]" name="BrowserStart" is-config="true" duration-ms="2438" started-at="2023-07-22T09:08:38 IST" finished-at="2023-07-22T09:08:40 IST">
          <reporter-output>
          </reporter-output>
        </test-method> <!-- BrowserStart -->
        <test-method status="PASS" signature="EnterUrl()[pri:0, instance:TestCase.MakeMytripSearch@32d2fa64]" name="EnterUrl" is-config="true" duration-ms="2787" started-at="2023-07-22T09:08:40 IST" finished-at="2023-07-22T09:08:43 IST">
          <reporter-output>
          </reporter-output>
        </test-method> <!-- EnterUrl -->
        <test-method status="PASS" signature="ClearPopup()[pri:0, instance:TestCase.MakeMytripSearch@32d2fa64]" name="ClearPopup" is-config="true" duration-ms="11378" started-at="2023-07-22T09:08:43 IST" finished-at="2023-07-22T09:08:54 IST">
          <reporter-output>
          </reporter-output>
        </test-method> <!-- ClearPopup -->
        <test-method status="PASS" signature="ValidFlightSearch(java.lang.String,java.lang.String,java.lang.String)[pri:0, instance:TestCase.MakeMytripSearch@32d2fa64]" name="ValidFlightSearch" duration-ms="8875" started-at="2023-07-22T09:08:55 IST" data-provider="ReadSearchData" finished-at="2023-07-22T09:09:04 IST">
          <params>
            <param index="0">
              <value>
                <![CDATA[MAA]]>
              </value>
            </param>
            <param index="1">
              <value>
                <![CDATA[PNQ]]>
              </value>
            </param>
            <param index="2">
              <value>
                <![CDATA[24]]>
              </value>
            </param>
          </params>
          <reporter-output>
          </reporter-output>
        </test-method> <!-- ValidFlightSearch -->
        <test-method status="PASS" signature="ValidFlightSearch(java.lang.String,java.lang.String,java.lang.String)[pri:0, instance:TestCase.MakeMytripSearch@32d2fa64]" name="ValidFlightSearch" duration-ms="13268" started-at="2023-07-22T09:09:04 IST" data-provider="ReadSearchData" finished-at="2023-07-22T09:09:17 IST">
          <params>
            <param index="0">
              <value>
                <![CDATA[BLR]]>
              </value>
            </param>
            <param index="1">
              <value>
                <![CDATA[BOM]]>
              </value>
            </param>
            <param index="2">
              <value>
                <![CDATA[27]]>
              </value>
            </param>
          </params>
          <reporter-output>
          </reporter-output>
        </test-method> <!-- ValidFlightSearch -->
        <test-method status="PASS" signature="ValidFlightSearch(java.lang.String,java.lang.String,java.lang.String)[pri:0, instance:TestCase.MakeMytripSearch@32d2fa64]" name="ValidFlightSearch" duration-ms="18327" started-at="2023-07-22T09:09:17 IST" data-provider="ReadSearchData" finished-at="2023-07-22T09:09:35 IST">
          <params>
            <param index="0">
              <value>
                <![CDATA[DEL]]>
              </value>
            </param>
            <param index="1">
              <value>
                <![CDATA[BLR]]>
              </value>
            </param>
            <param index="2">
              <value>
                <![CDATA[29]]>
              </value>
            </param>
          </params>
          <reporter-output>
          </reporter-output>
        </test-method> <!-- ValidFlightSearch -->
        <test-method status="PASS" signature="InValidFromAndToSearch(java.lang.String,java.lang.String,java.lang.String)[pri:1, instance:TestCase.MakeMytripSearch@32d2fa64]" name="InValidFromAndToSearch" duration-ms="2292" started-at="2023-07-22T09:09:35 IST" data-provider="InvalidReadSearchData" finished-at="2023-07-22T09:09:37 IST">
          <params>
            <param index="0">
              <value>
                <![CDATA[MAA]]>
              </value>
            </param>
            <param index="1">
              <value>
                <![CDATA[MAA]]>
              </value>
            </param>
            <param index="2">
              <value>
                <![CDATA[24]]>
              </value>
            </param>
          </params>
          <reporter-output>
          </reporter-output>
        </test-method> <!-- InValidFromAndToSearch -->
        <test-method status="PASS" signature="InValidFromAndToSearch(java.lang.String,java.lang.String,java.lang.String)[pri:1, instance:TestCase.MakeMytripSearch@32d2fa64]" name="InValidFromAndToSearch" duration-ms="1130" started-at="2023-07-22T09:09:37 IST" data-provider="InvalidReadSearchData" finished-at="2023-07-22T09:09:39 IST">
          <params>
            <param index="0">
              <value>
                <![CDATA[BLR]]>
              </value>
            </param>
            <param index="1">
              <value>
                <![CDATA[BLR]]>
              </value>
            </param>
            <param index="2">
              <value>
                <![CDATA[27]]>
              </value>
            </param>
          </params>
          <reporter-output>
          </reporter-output>
        </test-method> <!-- InValidFromAndToSearch -->
        <test-method status="PASS" signature="InValidFromAndToSearch(java.lang.String,java.lang.String,java.lang.String)[pri:1, instance:TestCase.MakeMytripSearch@32d2fa64]" name="InValidFromAndToSearch" duration-ms="1142" started-at="2023-07-22T09:09:39 IST" data-provider="InvalidReadSearchData" finished-at="2023-07-22T09:09:40 IST">
          <params>
            <param index="0">
              <value>
                <![CDATA[DEL]]>
              </value>
            </param>
            <param index="1">
              <value>
                <![CDATA[DEL]]>
              </value>
            </param>
            <param index="2">
              <value>
                <![CDATA[29]]>
              </value>
            </param>
          </params>
          <reporter-output>
          </reporter-output>
        </test-method> <!-- InValidFromAndToSearch -->
        <test-method status="PASS" signature="teardown()[pri:0, instance:TestCase.MakeMytripSearch@32d2fa64]" name="teardown" is-config="true" duration-ms="823" started-at="2023-07-22T09:09:40 IST" finished-at="2023-07-22T09:09:41 IST">
          <reporter-output>
          </reporter-output>
        </test-method> <!-- teardown -->
      </class> <!-- TestCase.MakeMytripSearch -->
    </test> <!-- Test -->
  </suite> <!-- Suite -->
</testng-results>
