<?xml version="1.0" encoding="UTF-8"?>
<testng-results skipped="0" failed="0" ignored="0" total="2" passed="2">
  <reporter-output>
  </reporter-output>
  <suite name="Default suite" duration-ms="19207" started-at="2023-07-15T09:26:07 IST" finished-at="2023-07-15T09:26:26 IST">
    <groups>
    </groups>
    <test name="Default test" duration-ms="19207" started-at="2023-07-15T09:26:07 IST" finished-at="2023-07-15T09:26:26 IST">
      <class name="TestCase.MakeMytripSearch">
        <test-method status="PASS" signature="BrowserStart()[pri:0, instance:TestCase.MakeMytripSearch@1990a65e]" name="BrowserStart" is-config="true" duration-ms="2964" started-at="2023-07-15T09:26:04 IST" finished-at="2023-07-15T09:26:07 IST">
          <reporter-output>
          </reporter-output>
        </test-method> <!-- BrowserStart -->
        <test-method status="PASS" signature="EnterUrl()[pri:0, instance:TestCase.MakeMytripSearch@1990a65e]" name="EnterUrl" is-config="true" duration-ms="2477" started-at="2023-07-15T09:26:07 IST" finished-at="2023-07-15T09:26:10 IST">
          <reporter-output>
          </reporter-output>
        </test-method> <!-- EnterUrl -->
        <test-method status="PASS" signature="ClearPopup()[pri:0, instance:TestCase.MakeMytripSearch@1990a65e]" name="ClearPopup" is-config="true" duration-ms="5008" started-at="2023-07-15T09:26:10 IST" finished-at="2023-07-15T09:26:15 IST">
          <reporter-output>
          </reporter-output>
        </test-method> <!-- ClearPopup -->
        <test-method status="PASS" signature="ValidFlightSearch()[pri:0, instance:TestCase.MakeMytripSearch@1990a65e]" name="ValidFlightSearch" duration-ms="8284" started-at="2023-07-15T09:26:15 IST" finished-at="2023-07-15T09:26:23 IST">
          <reporter-output>
          </reporter-output>
        </test-method> <!-- ValidFlightSearch -->
        <test-method status="PASS" signature="InValidFromAndToSearch()[pri:1, instance:TestCase.MakeMytripSearch@1990a65e]" name="InValidFromAndToSearch" duration-ms="3394" started-at="2023-07-15T09:26:23 IST" finished-at="2023-07-15T09:26:26 IST">
          <reporter-output>
          </reporter-output>
        </test-method> <!-- InValidFromAndToSearch -->
      </class> <!-- TestCase.MakeMytripSearch -->
    </test> <!-- Default test -->
  </suite> <!-- Default suite -->
</testng-results>
